TN:
SF:server.js
FN:18,readBooks
FN:28,writeBooks
FN:39,(anonymous_2)
FN:57,(anonymous_3)
FN:60,(anonymous_4)
FN:83,(anonymous_5)
FN:98,(anonymous_6)
FN:135,(anonymous_7)
FN:138,(anonymous_8)
FN:158,(anonymous_9)
FN:194,(anonymous_10)
FN:197,(anonymous_11)
FN:224,(anonymous_12)
FN:229,(anonymous_13)
FN:251,(anonymous_14)
FN:260,(anonymous_15)
FNF:16
FNH:14
FNDA:36,readBooks
FNDA:14,writeBooks
FNDA:3,(anonymous_2)
FNDA:3,(anonymous_3)
FNDA:4,(anonymous_4)
FNDA:5,(anonymous_5)
FNDA:3,(anonymous_6)
FNDA:4,(anonymous_7)
FNDA:5,(anonymous_8)
FNDA:2,(anonymous_9)
FNDA:2,(anonymous_10)
FNDA:3,(anonymous_11)
FNDA:5,(anonymous_12)
FNDA:10,(anonymous_13)
FNDA:0,(anonymous_14)
FNDA:0,(anonymous_15)
DA:1,3
DA:2,3
DA:3,3
DA:4,3
DA:5,3
DA:6,3
DA:8,3
DA:9,3
DA:10,3
DA:13,3
DA:14,3
DA:15,3
DA:19,36
DA:20,36
DA:21,33
DA:23,4
DA:29,14
DA:30,14
DA:32,1
DA:39,3
DA:40,3
DA:41,3
DA:42,3
DA:48,0
DA:57,3
DA:58,3
DA:59,3
DA:60,4
DA:62,3
DA:63,2
DA:69,1
DA:74,0
DA:83,3
DA:84,5
DA:85,5
DA:88,5
DA:89,2
DA:95,3
DA:98,3
DA:99,1
DA:105,2
DA:117,2
DA:118,2
DA:120,2
DA:126,0
DA:135,3
DA:136,4
DA:137,4
DA:138,5
DA:140,4
DA:141,1
DA:147,3
DA:150,3
DA:151,1
DA:158,2
DA:159,1
DA:166,1
DA:177,1
DA:179,1
DA:185,0
DA:194,3
DA:195,2
DA:196,2
DA:197,3
DA:199,2
DA:200,1
DA:206,1
DA:207,1
DA:209,1
DA:215,0
DA:224,3
DA:225,5
DA:226,5
DA:227,5
DA:229,5
DA:230,10
DA:235,5
DA:242,0
DA:251,3
DA:252,0
DA:256,3
DA:259,3
DA:260,0
DA:261,0
DA:262,0
DA:263,0
LF:86
LH:75
BRDA:9,0,0,3
BRDA:9,0,1,3
BRDA:10,1,0,3
BRDA:10,1,1,0
BRDA:62,2,0,2
BRDA:62,2,1,1
BRDA:88,3,0,2
BRDA:88,3,1,3
BRDA:88,4,0,5
BRDA:88,4,1,4
BRDA:98,5,0,1
BRDA:98,5,1,2
BRDA:98,6,0,3
BRDA:98,6,1,2
BRDA:109,7,0,2
BRDA:109,7,1,1
BRDA:110,8,0,2
BRDA:110,8,1,1
BRDA:111,9,0,2
BRDA:111,9,1,1
BRDA:112,10,0,2
BRDA:112,10,1,1
BRDA:140,11,0,1
BRDA:140,11,1,3
BRDA:150,12,0,1
BRDA:150,12,1,2
BRDA:150,13,0,3
BRDA:150,13,1,3
BRDA:158,14,0,1
BRDA:158,14,1,1
BRDA:158,15,0,2
BRDA:158,15,1,2
BRDA:158,15,2,1
BRDA:170,16,0,1
BRDA:170,16,1,0
BRDA:171,17,0,1
BRDA:171,17,1,0
BRDA:172,18,0,1
BRDA:172,18,1,0
BRDA:173,19,0,1
BRDA:173,19,1,0
BRDA:199,20,0,1
BRDA:199,20,1,1
BRDA:230,21,0,10
BRDA:230,21,1,9
BRDA:230,21,2,7
BRDA:259,22,0,0
BRDA:259,22,1,3
BRF:48
BRH:42
end_of_record
